<?xml version="1.0" encoding="UTF-8"?>
<testng-results skipped="0" failed="0" total="1" passed="1">
  <reporter-output>
  </reporter-output>
  <suite name="Default suite" duration-ms="12335" started-at="2016-11-21T19:53:49Z" finished-at="2016-11-21T19:54:01Z">
    <groups>
    </groups>
    <test name="Default test" duration-ms="12335" started-at="2016-11-21T19:53:49Z" finished-at="2016-11-21T19:54:01Z">
      <class name="RoboDialer.RoboDialer.App">
        <test-method status="PASS" signature="test()[pri:0, instance:RoboDialer.RoboDialer.App@548e7350]" name="test" duration-ms="12293" started-at="2016-11-21T11:53:49Z" finished-at="2016-11-21T11:54:01Z">
          <reporter-output>
          </reporter-output>
        </test-method> <!-- test -->
      </class> <!-- RoboDialer.RoboDialer.App -->
    </test> <!-- Default test -->
  </suite> <!-- Default suite -->
</testng-results>
